<?xml version="1.0" encoding="UTF-8"?>
<!-- Generated by org.testng.reporters.JUnitReportReporter -->
<testsuite hostname="Dell" failures="0" tests="2" name="selenium_adv.Lab16_seleniumXmlFile" time="34.803" errors="0" timestamp="2025-08-22T17:13:54 IST" skipped="0">
  <testcase classname="selenium_adv.Lab16_seleniumXmlFile" name="f" time="20.103"/>
  <testcase classname="selenium_adv.Lab16_seleniumXmlFile" name="f" time="14.700"/>
</testsuite> <!-- selenium_adv.Lab16_seleniumXmlFile -->
