<?xml version="1.0" encoding="UTF-8"?>
<!-- Generated by org.testng.reporters.JUnitReportReporter -->
<testsuite hostname="Dell" failures="0" tests="1" name="AssessmentPractice.Q6_SeleniumCheckbox" time="8.190" errors="0" timestamp="2025-08-26T13:06:36 IST" skipped="0">
  <testcase classname="AssessmentPractice.Q6_SeleniumCheckbox" name="f" time="8.190"/>
</testsuite> <!-- AssessmentPractice.Q6_SeleniumCheckbox -->
