<?xml version="1.0" encoding="UTF-8"?>
<!-- Generated by org.testng.reporters.JUnitReportReporter -->
<testsuite hostname="Dell" failures="0" tests="2" name="AssessmentPractice.Q1_selenium" time="9.850" errors="0" timestamp="2025-08-29T10:43:52 IST" skipped="0">
  <testcase classname="AssessmentPractice.Q1_selenium" name="verificationtitle" time="6.724"/>
  <testcase classname="AssessmentPractice.Q1_selenium" name="verificationtitle" time="3.126"/>
</testsuite> <!-- AssessmentPractice.Q1_selenium -->
