<?xml version="1.0" encoding="UTF-8"?>
<!-- Generated by org.testng.reporters.JUnitReportReporter -->
<testsuite hostname="Dell" failures="0" tests="1" name="selenium_testng.Lab4" time="7.101" errors="0" timestamp="2025-08-19T13:23:29 IST" skipped="0">
  <testcase classname="selenium_testng.Lab4" name="f" time="7.101"/>
</testsuite> <!-- selenium_testng.Lab4 -->
