<?xml version="1.0" encoding="UTF-8"?>
<!-- Generated by org.testng.reporters.JUnitReportReporter -->
<testsuite hostname="Dell" failures="0" tests="2" name="selenium_adv.LAB15_SeleniumCsvFilee" time="25.808" errors="0" timestamp="2025-08-22T14:10:00 IST" skipped="0">
  <testcase classname="selenium_adv.LAB15_SeleniumCsvFilee" name="f" time="10.269"/>
  <testcase classname="selenium_adv.LAB15_SeleniumCsvFilee" name="f" time="15.539"/>
</testsuite> <!-- selenium_adv.LAB15_SeleniumCsvFilee -->
