<?xml version="1.0" encoding="UTF-8"?>
<!-- Generated by org.testng.reporters.JUnitReportReporter -->
<testsuite hostname="Dell" failures="0" tests="1" name="selenium_adv.Lab12_4Propertiesfile" time="4.799" errors="0" timestamp="2025-08-21T16:17:34 IST" skipped="0">
  <testcase classname="selenium_adv.Lab12_4Propertiesfile" name="f" time="4.799"/>
</testsuite> <!-- selenium_adv.Lab12_4Propertiesfile -->
