<?xml version="1.0" encoding="UTF-8"?>
<!-- Generated by org.testng.reporters.JUnitReportReporter -->
<testsuite hostname="Dell" failures="0" tests="2" name="selenium_testng.Lab9_4" time="22.737" errors="0" timestamp="2025-08-19T14:39:30 IST" skipped="0">
  <testcase classname="selenium_testng.Lab9_4" name="f" time="13.924"/>
  <testcase classname="selenium_testng.Lab9_4" name="f" time="8.813"/>
</testsuite> <!-- selenium_testng.Lab9_4 -->
