<?xml version="1.0" encoding="UTF-8"?>
<!-- Generated by org.testng.reporters.JUnitReportReporter -->
<testsuite hostname="Dell" failures="0" tests="3" name="selenium_adv.Lab15_seleniumCsvFile" time="43.199" errors="0" timestamp="2025-08-22T13:24:46 IST" skipped="0">
  <testcase classname="selenium_adv.Lab15_seleniumCsvFile" name="f" time="10.631"/>
  <testcase classname="selenium_adv.Lab15_seleniumCsvFile" name="f" time="12.761"/>
  <testcase classname="selenium_adv.Lab15_seleniumCsvFile" name="f" time="19.807"/>
</testsuite> <!-- selenium_adv.Lab15_seleniumCsvFile -->
