<?xml version="1.0" encoding="UTF-8"?>
<!-- Generated by org.testng.reporters.JUnitReportReporter -->
<testsuite hostname="Dell" failures="0" tests="1" name="AssessmentPractice.Q9_SeleniumScreenshotts" time="5.707" errors="0" timestamp="2025-08-26T14:58:00 IST" skipped="0">
  <testcase classname="AssessmentPractice.Q9_SeleniumScreenshotts" name="Screenshot" time="5.707"/>
</testsuite> <!-- AssessmentPractice.Q9_SeleniumScreenshotts -->
