<?xml version="1.0" encoding="UTF-8"?>
<!-- Generated by org.testng.reporters.JUnitReportReporter -->
<testsuite hostname="Dell" failures="0" tests="1" name="AssessmentPractice.Q9_SeleniumScreenshotts" time="5.238" errors="0" timestamp="2025-08-29T12:43:03 IST" skipped="0">
  <testcase classname="AssessmentPractice.Q9_SeleniumScreenshotts" name="Screenshot" time="5.238"/>
</testsuite> <!-- AssessmentPractice.Q9_SeleniumScreenshotts -->
