<?xml version="1.0" encoding="UTF-8"?>
<!-- Generated by org.testng.reporters.JUnitReportReporter -->
<testsuite hostname="Dell" failures="0" tests="1" name="AssessmentPractice.Q4_SeleniumDropDown" time="5.915" errors="0" timestamp="2025-08-29T12:00:12 IST" skipped="0">
  <testcase classname="AssessmentPractice.Q4_SeleniumDropDown" name="Dropdown" time="5.915"/>
</testsuite> <!-- AssessmentPractice.Q4_SeleniumDropDown -->
