<?xml version="1.0" encoding="UTF-8"?>
<!-- Generated by org.testng.reporters.JUnitReportReporter -->
<testsuite hostname="Dell" failures="0" tests="1" name="AssessmentPractice.Q8_SeleniumWindowHandaling" time="15.074" errors="0" timestamp="2025-08-29T12:40:54 IST" skipped="0">
  <testcase classname="AssessmentPractice.Q8_SeleniumWindowHandaling" name="f" time="15.074"/>
</testsuite> <!-- AssessmentPractice.Q8_SeleniumWindowHandaling -->
