<?xml version="1.0" encoding="UTF-8"?>
<!-- Generated by org.testng.reporters.JUnitReportReporter -->
<testsuite hostname="Dell" failures="0" tests="1" name="selenium_testng.Lab3" time="14.485" errors="0" timestamp="2025-08-20T10:58:51 IST" skipped="0">
  <testcase classname="selenium_testng.Lab3" name="f" time="14.485"/>
</testsuite> <!-- selenium_testng.Lab3 -->
