<?xml version="1.0" encoding="UTF-8"?>
<!-- Generated by org.testng.reporters.JUnitReportReporter -->
<testsuite hostname="Dell" failures="0" tests="1" name="AssessmentPractice.Q3_Selenium" time="17.410" errors="0" timestamp="2025-08-26T11:12:35 IST" skipped="0">
  <testcase classname="AssessmentPractice.Q3_Selenium" name="Search" time="17.410"/>
</testsuite> <!-- AssessmentPractice.Q3_Selenium -->
