<?xml version="1.0" encoding="UTF-8"?>
<!-- Generated by org.testng.reporters.JUnitReportReporter -->
<testsuite hostname="Dell" failures="0" tests="1" name="AssessmentPractice.Q7_SeleniumWebTableExtractions" time="7.961" errors="0" timestamp="2025-08-29T12:30:04 IST" skipped="0">
  <testcase classname="AssessmentPractice.Q7_SeleniumWebTableExtractions" name="f" time="7.961"/>
</testsuite> <!-- AssessmentPractice.Q7_SeleniumWebTableExtractions -->
