<?xml version="1.0" encoding="UTF-8"?>
<!-- Generated by org.testng.reporters.JUnitReportReporter -->
<testsuite hostname="Dell" failures="0" tests="3" name="selenium_testng.TC0014_TestNGparallelTest" time="35.613" errors="0" timestamp="2025-08-19T10:36:18 IST" skipped="0">
  <testcase classname="selenium_testng.TC0014_TestNGparallelTest" name="Test2" time="3.313"/>
  <testcase classname="selenium_testng.TC0014_TestNGparallelTest" name="Test2" time="20.697"/>
  <testcase classname="selenium_testng.TC0014_TestNGparallelTest" name="Test2" time="11.603"/>
</testsuite> <!-- selenium_testng.TC0014_TestNGparallelTest -->
