<?xml version="1.0" encoding="UTF-8"?>
<!-- Generated by org.testng.reporters.JUnitReportReporter -->
<testsuite hostname="Dell" failures="0" tests="1" name="selenium_testng.TC0013_TestNGParllelTesting" time="5.169" errors="0" timestamp="2025-08-19T09:29:20 IST" skipped="0">
  <testcase classname="selenium_testng.TC0013_TestNGParllelTesting" name="test1" time="5.169"/>
</testsuite> <!-- selenium_testng.TC0013_TestNGParllelTesting -->
