<?xml version="1.0" encoding="UTF-8"?>
<!-- Generated by org.testng.reporters.JUnitReportReporter -->
<testsuite hostname="Dell" failures="0" tests="1" name="AssessmentPractice.Q3_Selenium" time="14.857" errors="0" timestamp="2025-08-29T11:35:04 IST" skipped="0">
  <testcase classname="AssessmentPractice.Q3_Selenium" name="Search" time="14.857"/>
</testsuite> <!-- AssessmentPractice.Q3_Selenium -->
