<?xml version="1.0" encoding="UTF-8"?>
<!-- Generated by org.testng.reporters.JUnitReportReporter -->
<testsuite hostname="Dell" failures="0" tests="3" name="selenium_testng.Tc0015_TestNGPriority" time="16.205" errors="0" timestamp="2025-08-19T11:01:33 IST" skipped="0">
  <testcase classname="selenium_testng.Tc0015_TestNGPriority" name="test2" time="8.449"/>
  <testcase classname="selenium_testng.Tc0015_TestNGPriority" name="test3" time="3.371"/>
  <testcase classname="selenium_testng.Tc0015_TestNGPriority" name="test1" time="4.385"/>
</testsuite> <!-- selenium_testng.Tc0015_TestNGPriority -->
