<?xml version="1.0" encoding="UTF-8"?>
<!-- Generated by org.testng.reporters.JUnitReportReporter -->
<testsuite hostname="Dell" failures="0" tests="2" name="selenium_testng.Lab9_3" time="18.813" errors="0" timestamp="2025-08-19T14:39:30 IST" skipped="0">
  <testcase classname="selenium_testng.Lab9_3" name="f" time="7.616"/>
  <testcase classname="selenium_testng.Lab9_3" name="f" time="11.197"/>
</testsuite> <!-- selenium_testng.Lab9_3 -->
