<?xml version="1.0" encoding="UTF-8"?>
<!-- Generated by org.testng.reporters.JUnitReportReporter -->
<testsuite hostname="Dell" failures="0" tests="1" name="AssessmentPractice.Q8_SeleniumWindowHandaling" time="10.346" errors="0" timestamp="2025-08-26T15:19:48 IST" skipped="0">
  <testcase classname="AssessmentPractice.Q8_SeleniumWindowHandaling" name="f" time="10.346"/>
</testsuite> <!-- AssessmentPractice.Q8_SeleniumWindowHandaling -->
