<?xml version="1.0" encoding="UTF-8"?>
<!-- Generated by org.testng.reporters.JUnitReportReporter -->
<testsuite hostname="Dell" failures="0" tests="1" name="AssessmentPractice.Q5_SeleniumAlertpopup" time="7.017" errors="0" timestamp="2025-08-29T12:21:04 IST" skipped="0">
  <testcase classname="AssessmentPractice.Q5_SeleniumAlertpopup" name="f" time="7.017"/>
</testsuite> <!-- AssessmentPractice.Q5_SeleniumAlertpopup -->
