<?xml version="1.0" encoding="UTF-8"?>
<!-- Generated by org.testng.reporters.JUnitReportReporter -->
<testsuite hostname="Dell" failures="0" tests="1" name="selenium_adv.Lab11_3" time="6.513" errors="0" timestamp="2025-08-20T14:12:22 IST" skipped="0">
  <testcase classname="selenium_adv.Lab11_3" name="f" time="6.513"/>
</testsuite> <!-- selenium_adv.Lab11_3 -->
