<?xml version="1.0" encoding="UTF-8"?>
<!-- Generated by org.testng.reporters.JUnitReportReporter -->
<testsuite hostname="Dell" failures="0" tests="3" name="selenium_adv.TC0017_seleniumPageFactory" time="44.910" errors="0" timestamp="2025-08-20T20:07:18 IST" skipped="0">
  <testcase classname="selenium_adv.TC0017_seleniumPageFactory" name="f" time="16.264"/>
  <testcase classname="selenium_adv.TC0017_seleniumPageFactory" name="f" time="13.126"/>
  <testcase classname="selenium_adv.TC0017_seleniumPageFactory" name="f" time="15.520"/>
</testsuite> <!-- selenium_adv.TC0017_seleniumPageFactory -->
