<?xml version="1.0" encoding="UTF-8"?>
<!-- Generated by org.testng.reporters.JUnitReportReporter -->
<testsuite hostname="Dell" failures="0" tests="2" name="selenium_adv.Lab14_FileHandling" time="48.610" errors="0" timestamp="2025-08-21T12:49:31 IST" skipped="0">
  <testcase classname="selenium_adv.Lab14_FileHandling" name="f" time="21.885"/>
  <testcase classname="selenium_adv.Lab14_FileHandling" name="f" time="26.725"/>
</testsuite> <!-- selenium_adv.Lab14_FileHandling -->
