<?xml version="1.0" encoding="UTF-8"?>
<!-- Generated by org.testng.reporters.JUnitReportReporter -->
<testsuite hostname="Dell" failures="0" tests="1" name="AssessmentPractice.Q2_selenium" time="8.003" errors="0" timestamp="2025-08-26T10:17:44 IST" skipped="0">
  <testcase classname="AssessmentPractice.Q2_selenium" name="Login" time="8.003"/>
</testsuite> <!-- AssessmentPractice.Q2_selenium -->
