<?xml version="1.0" encoding="UTF-8"?>
<!-- Generated by org.testng.reporters.JUnitReportReporter -->
<testsuite hostname="Dell" failures="0" tests="1" name="selenium_testng.Lab4" time="10.989" errors="0" timestamp="2025-08-18T16:54:29 IST" skipped="0">
  <testcase classname="selenium_testng.Lab4" name="f" time="10.989"/>
</testsuite> <!-- selenium_testng.Lab4 -->
