<?xml version="1.0" encoding="UTF-8"?>
<!-- Generated by org.testng.reporters.JUnitReportReporter -->
<testsuite hostname="Dell" failures="0" tests="2" name="selenium_adv.Tc0016_seleniumadvance" time="22.343" errors="0" timestamp="2025-08-20T10:17:56 IST" skipped="0">
  <testcase classname="selenium_adv.Tc0016_seleniumadvance" name="f" time="9.921"/>
  <testcase classname="selenium_adv.Tc0016_seleniumadvance" name="f" time="12.422"/>
</testsuite> <!-- selenium_adv.Tc0016_seleniumadvance -->
