<?xml version="1.0" encoding="UTF-8"?>
<!-- Generated by org.testng.reporters.JUnitReportReporter -->
<testsuite hostname="Dell" failures="0" tests="1" name="AssessmentPractice.Q2_selenium" time="9.508" errors="0" timestamp="2025-08-29T10:58:37 IST" skipped="0">
  <testcase classname="AssessmentPractice.Q2_selenium" name="Login" time="9.508"/>
</testsuite> <!-- AssessmentPractice.Q2_selenium -->
