<?xml version="1.0" encoding="UTF-8"?>
<!-- Generated by org.testng.reporters.JUnitReportReporter -->
<testsuite hostname="Dell" failures="0" tests="2" name="selenium_adv.TC0017_seleniumPageFactory" time="25.032" errors="0" timestamp="2025-08-20T13:00:35 IST" skipped="0">
  <testcase classname="selenium_adv.TC0017_seleniumPageFactory" name="f" time="10.601"/>
  <testcase classname="selenium_adv.TC0017_seleniumPageFactory" name="f" time="14.431"/>
</testsuite> <!-- selenium_adv.TC0017_seleniumPageFactory -->
