<?xml version="1.0" encoding="UTF-8"?>
<!-- Generated by org.testng.reporters.JUnitReportReporter -->
<testsuite hostname="Dell" failures="0" tests="1" name="selenium_testng.Lab3" time="12.393" errors="0" timestamp="2025-08-19T11:48:32 IST" skipped="0">
  <testcase classname="selenium_testng.Lab3" name="f" time="12.393"/>
</testsuite> <!-- selenium_testng.Lab3 -->
