<?xml version="1.0" encoding="UTF-8"?>
<!-- Generated by org.testng.reporters.JUnitReportReporter -->
<testsuite hostname="Dell" failures="0" tests="10" name="com.orangehrm.test.LoginOrangeHrm" time="11.973" errors="0" timestamp="2025-08-29T10:16:46 IST" skipped="9">
  <testcase classname="com.orangehrm.test.LoginOrangeHrm" name="question1_google" time="11.973"/>
  <testcase classname="com.orangehrm.test.LoginOrangeHrm" name="question5_Alertpopup">
    <skipped/>
  </testcase> <!-- question5_Alertpopup -->
  <testcase classname="com.orangehrm.test.LoginOrangeHrm" name="verifylogin">
    <skipped/>
  </testcase> <!-- verifylogin -->
  <testcase classname="com.orangehrm.test.LoginOrangeHrm" name="question7_WebTableExtraction">
    <skipped/>
  </testcase> <!-- question7_WebTableExtraction -->
  <testcase classname="com.orangehrm.test.LoginOrangeHrm" name="question6_Checkbox">
    <skipped/>
  </testcase> <!-- question6_Checkbox -->
  <testcase classname="com.orangehrm.test.LoginOrangeHrm" name="question3_productdetails">
    <skipped/>
  </testcase> <!-- question3_productdetails -->
  <testcase classname="com.orangehrm.test.LoginOrangeHrm" name="question4_Dropdown">
    <skipped/>
  </testcase> <!-- question4_Dropdown -->
  <testcase classname="com.orangehrm.test.LoginOrangeHrm" name="question2_Login">
    <skipped/>
  </testcase> <!-- question2_Login -->
  <testcase classname="com.orangehrm.test.LoginOrangeHrm" name="question9_Screenshot">
    <skipped/>
  </testcase> <!-- question9_Screenshot -->
  <testcase classname="com.orangehrm.test.LoginOrangeHrm" name="question8_windowHandaling">
    <skipped/>
  </testcase> <!-- question8_windowHandaling -->
</testsuite> <!-- com.orangehrm.test.LoginOrangeHrm -->
