<?xml version="1.0" encoding="UTF-8"?>
<!-- Generated by org.testng.reporters.JUnitReportReporter -->
<testsuite hostname="Dell" failures="0" tests="1" name="AssessmentPractice.Q6_SeleniumCheckbox" time="18.788" errors="0" timestamp="2025-08-29T12:25:40 IST" skipped="0">
  <testcase classname="AssessmentPractice.Q6_SeleniumCheckbox" name="f" time="18.788"/>
</testsuite> <!-- AssessmentPractice.Q6_SeleniumCheckbox -->
