<?xml version="1.0" encoding="UTF-8"?>
<!-- Generated by org.testng.reporters.JUnitReportReporter -->
<testsuite hostname="Dell" failures="0" tests="3" name="com.orangehrm.test.LoginOrangeHrm" time="29.952" errors="0" timestamp="2025-08-25T12:41:42 IST" skipped="0">
  <testcase classname="com.orangehrm.test.LoginOrangeHrm" name="verifylogin" time="8.811"/>
  <testcase classname="com.orangehrm.test.LoginOrangeHrm" name="verifylogin" time="12.155"/>
  <testcase classname="com.orangehrm.test.LoginOrangeHrm" name="verifylogin" time="8.986"/>
</testsuite> <!-- com.orangehrm.test.LoginOrangeHrm -->
