<?xml version="1.0" encoding="UTF-8"?>
<!-- Generated by org.testng.reporters.JUnitReportReporter -->
<testsuite hostname="Dell" failures="0" tests="1" name="AssessmentPractice.Q5_SeleniumAlertpopup" time="9.145" errors="0" timestamp="2025-08-26T13:05:15 IST" skipped="0">
  <testcase classname="AssessmentPractice.Q5_SeleniumAlertpopup" name="f" time="9.145"/>
</testsuite> <!-- AssessmentPractice.Q5_SeleniumAlertpopup -->
