<?xml version="1.0" encoding="UTF-8"?>
<!-- Generated by org.testng.reporters.JUnitReportReporter -->
<testsuite hostname="Dell" failures="0" tests="1" name="AssessmentPractice.Q7_SeleniumWebTableExtractions" time="10.133" errors="0" timestamp="2025-08-26T14:25:08 IST" skipped="0">
  <testcase classname="AssessmentPractice.Q7_SeleniumWebTableExtractions" name="f" time="10.133"/>
</testsuite> <!-- AssessmentPractice.Q7_SeleniumWebTableExtractions -->
