<?xml version="1.0" encoding="UTF-8"?>
<!-- Generated by org.testng.reporters.JUnitReportReporter -->
<testsuite hostname="Dell" failures="0" tests="1" name="Jenkinsspac.jenkinsTest" time="9.619" errors="0" timestamp="2025-08-26T18:23:06 IST" skipped="0">
  <testcase classname="Jenkinsspac.jenkinsTest" name="f" time="9.619"/>
</testsuite> <!-- Jenkinsspac.jenkinsTest -->
